#
# There is insufficient memory for the Java Runtime Environment to continue.
# Native memory allocation (malloc) failed to allocate 1058816 bytes for Chunk::new
# Possible reasons:
#   The system is out of physical RAM or swap space
#   The process is running with CompressedOops enabled, and the Java Heap may be blocking the growth of the native heap
# Possible solutions:
#   Reduce memory load on the system
#   Increase physical memory or swap space
#   Check if swap backing store is full
#   Decrease Java heap size (-Xmx/-Xms)
#   Decrease number of Java threads
#   Decrease Java thread stack sizes (-Xss)
#   Set larger code cache with -XX:ReservedCodeCacheSize=
#   JVM is running with Unscaled Compressed Oops mode in which the Java heap is
#     placed in the first 4GB address space. The Java Heap base address is the
#     maximum limit for the native heap growth. Please use -XX:HeapBaseMinAddress
#     to set the Java Heap base and to place the Java Heap above 4GB virtual address.
# This output file may be truncated or incomplete.
#
#  Out of Memory Error (arena.cpp:191), pid=16152, tid=6224
#
# JRE version: OpenJDK Runtime Environment Temurin-17.0.10+7 (17.0.10+7) (build 17.0.10+7)
# Java VM: OpenJDK 64-Bit Server VM Temurin-17.0.10+7 (17.0.10+7, mixed mode, tiered, compressed oops, compressed class ptrs, parallel gc, windows-amd64)
# No core dump will be written. Minidumps are not enabled by default on client versions of Windows
#

---------------  S U M M A R Y ------------

Command Line: --add-modules=ALL-SYSTEM --add-opens=java.base/java.util=ALL-UNNAMED --add-opens=java.base/java.lang=ALL-UNNAMED --add-opens=java.base/sun.nio.fs=ALL-UNNAMED -Declipse.application=org.eclipse.jdt.ls.core.id1 -Dosgi.bundles.defaultStartLevel=4 -Declipse.product=org.eclipse.jdt.ls.core.product -Djava.import.generatesMetadataFilesAtProjectRoot=false -DDetectVMInstallationsJob.disabled=true -Dfile.encoding=utf8 -XX:+UseParallelGC -XX:GCTimeRatio=4 -XX:AdaptiveSizePolicyWeight=90 -Dsun.zip.disableMemoryMapping=true -Xmx1G -Xms100m -Xlog:disable -javaagent:c:\Users\HP\.vscode\extensions\redhat.java-1.30.0-win32-x64\lombok\lombok-1.18.32.jar -XX:+HeapDumpOnOutOfMemoryError -XX:HeapDumpPath=c:\Users\HP\AppData\Roaming\Code\User\workspaceStorage\305f99d1c893ef3ae1a01b9de32a5699\redhat.java -Daether.dependencyCollector.impl=bf c:\Users\HP\.vscode\extensions\redhat.java-1.30.0-win32-x64\server\plugins\org.eclipse.equinox.launcher_1.6.800.v20240330-1250.jar -configuration c:\Users\HP\AppData\Roaming\Code\User\globalStorage\redhat.java\1.30.0\config_win -data c:\Users\HP\AppData\Roaming\Code\User\workspaceStorage\305f99d1c893ef3ae1a01b9de32a5699\redhat.java\jdt_ws --pipe=\\.\pipe\lsp-74f260be30d6c51a8f39a9ebd8d38f3f-sock

Host: 11th Gen Intel(R) Core(TM) i5-11300H @ 3.10GHz, 8 cores, 7G,  Windows 11 , 64 bit Build 22621 (10.0.22621.3374)
Time: Fri May  3 00:52:01 2024 India Standard Time elapsed time: 6.639322 seconds (0d 0h 0m 6s)

---------------  T H R E A D  ---------------

Current thread (0x000002e525f4df20):  JavaThread "C2 CompilerThread0" daemon [_thread_in_native, id=6224, stack(0x000000e52ea00000,0x000000e52eb00000)]


Current CompileTask:
C2:   6639 4734   !   4       org.eclipse.osgi.internal.loader.classpath.ClasspathManager::defineClass (636 bytes)

Stack: [0x000000e52ea00000,0x000000e52eb00000]
Native frames: (J=compiled Java code, j=interpreted, Vv=VM code, C=native code)
V  [jvm.dll+0x67d2c9]
V  [jvm.dll+0x834afa]
V  [jvm.dll+0x8365be]
V  [jvm.dll+0x836c23]
V  [jvm.dll+0x2477ff]
V  [jvm.dll+0xac514]
V  [jvm.dll+0xacb5c]
V  [jvm.dll+0x2aed1f]
V  [jvm.dll+0x584b67]
V  [jvm.dll+0x2228a2]
V  [jvm.dll+0x222c8f]
V  [jvm.dll+0x21bdb6]
V  [jvm.dll+0x219201]
V  [jvm.dll+0x1a502d]
V  [jvm.dll+0x2290de]
V  [jvm.dll+0x2272ac]
V  [jvm.dll+0x7e9bb7]
V  [jvm.dll+0x7e3fba]
V  [jvm.dll+0x67c1b5]
C  [ucrtbase.dll+0x29333]
C  [KERNEL32.DLL+0x1257d]
C  [ntdll.dll+0x5aa48]


---------------  P R O C E S S  ---------------

Threads class SMR info:
_java_thread_list=0x000002e5289a5300, length=37, elements={
0x000002e50cfe3bf0, 0x000002e520e64020, 0x000002e520e648f0, 0x000002e520e6bfd0,
0x000002e520e6c9a0, 0x000002e520e6d470, 0x000002e520e6df40, 0x000002e525f4df20,
0x000002e525fb3f10, 0x000002e525fc8bd0, 0x000002e526032410, 0x000002e526224ba0,
0x000002e527823200, 0x000002e5277dcec0, 0x000002e5278a7d50, 0x000002e527e38fb0,
0x000002e527c3cfa0, 0x000002e527c20880, 0x000002e527be3ab0, 0x000002e527be2b80,
0x000002e527be3fc0, 0x000002e527be49e0, 0x000002e527be2670, 0x000002e527be3090,
0x000002e527be5400, 0x000002e527be5910, 0x000002e527be5e20, 0x000002e527be44d0,
0x000002e528d883d0, 0x000002e528d8c5a0, 0x000002e528d89300, 0x000002e528d888e0,
0x000002e528d86f90, 0x000002e528d8b670, 0x000002e528d85640, 0x000002e528d8c090,
0x000002e528d86060
}

Java Threads: ( => current thread )
  0x000002e50cfe3bf0 JavaThread "main" [_thread_blocked, id=16740, stack(0x000000e52e100000,0x000000e52e200000)]
  0x000002e520e64020 JavaThread "Reference Handler" daemon [_thread_blocked, id=14992, stack(0x000000e52e400000,0x000000e52e500000)]
  0x000002e520e648f0 JavaThread "Finalizer" daemon [_thread_blocked, id=18648, stack(0x000000e52e500000,0x000000e52e600000)]
  0x000002e520e6bfd0 JavaThread "Signal Dispatcher" daemon [_thread_blocked, id=13404, stack(0x000000e52e600000,0x000000e52e700000)]
  0x000002e520e6c9a0 JavaThread "Attach Listener" daemon [_thread_blocked, id=22864, stack(0x000000e52e700000,0x000000e52e800000)]
  0x000002e520e6d470 JavaThread "Service Thread" daemon [_thread_blocked, id=7784, stack(0x000000e52e800000,0x000000e52e900000)]
  0x000002e520e6df40 JavaThread "Monitor Deflation Thread" daemon [_thread_blocked, id=14544, stack(0x000000e52e900000,0x000000e52ea00000)]
=>0x000002e525f4df20 JavaThread "C2 CompilerThread0" daemon [_thread_in_native, id=6224, stack(0x000000e52ea00000,0x000000e52eb00000)]
  0x000002e525fb3f10 JavaThread "C1 CompilerThread0" daemon [_thread_blocked, id=24692, stack(0x000000e52eb00000,0x000000e52ec00000)]
  0x000002e525fc8bd0 JavaThread "Sweeper thread" daemon [_thread_blocked, id=15012, stack(0x000000e52ec00000,0x000000e52ed00000)]
  0x000002e526032410 JavaThread "Common-Cleaner" daemon [_thread_blocked, id=13092, stack(0x000000e52ed00000,0x000000e52ee00000)]
  0x000002e526224ba0 JavaThread "Notification Thread" daemon [_thread_blocked, id=20900, stack(0x000000e52ee00000,0x000000e52ef00000)]
  0x000002e527823200 JavaThread "Active Thread: Equinox Container: 0f61a651-4d97-41f3-902f-0b842039ad7a" [_thread_blocked, id=24996, stack(0x000000e52f600000,0x000000e52f700000)]
  0x000002e5277dcec0 JavaThread "Framework Event Dispatcher: Equinox Container: 0f61a651-4d97-41f3-902f-0b842039ad7a" daemon [_thread_blocked, id=7512, stack(0x000000e52f700000,0x000000e52f800000)]
  0x000002e5278a7d50 JavaThread "Start Level: Equinox Container: 0f61a651-4d97-41f3-902f-0b842039ad7a" daemon [_thread_blocked, id=12384, stack(0x000000e52f800000,0x000000e52f900000)]
  0x000002e527e38fb0 JavaThread "Bundle File Closer" daemon [_thread_blocked, id=7068, stack(0x000000e52fa00000,0x000000e52fb00000)]
  0x000002e527c3cfa0 JavaThread "SCR Component Actor" daemon [_thread_blocked, id=19728, stack(0x000000e52fb00000,0x000000e52fc00000)]
  0x000002e527c20880 JavaThread "SCR Component Registry" daemon [_thread_blocked, id=19404, stack(0x000000e52fc00000,0x000000e52fd00000)]
  0x000002e527be3ab0 JavaThread "Worker-JM" [_thread_blocked, id=7664, stack(0x000000e52fd00000,0x000000e52fe00000)]
  0x000002e527be2b80 JavaThread "Worker-0: Repository registry initialization" [_thread_in_Java, id=13000, stack(0x000000e52fe00000,0x000000e52ff00000)]
  0x000002e527be3fc0 JavaThread "Worker-1: Updating Maven Dependencies" [_thread_blocked, id=6076, stack(0x000000e52ff00000,0x000000e530000000)]
  0x000002e527be49e0 JavaThread "Java indexing" daemon [_thread_blocked, id=17168, stack(0x000000e530000000,0x000000e530100000)]
  0x000002e527be2670 JavaThread "Worker-2" [_thread_blocked, id=10988, stack(0x000000e530100000,0x000000e530200000)]
  0x000002e527be3090 JavaThread "Worker-3" [_thread_blocked, id=7436, stack(0x000000e530200000,0x000000e530300000)]
  0x000002e527be5400 JavaThread "JNA Cleaner" daemon [_thread_blocked, id=10424, stack(0x000000e530300000,0x000000e530400000)]
  0x000002e527be5910 JavaThread "Thread-2" daemon [_thread_in_native, id=22708, stack(0x000000e530400000,0x000000e530500000)]
  0x000002e527be5e20 JavaThread "Thread-3" daemon [_thread_in_native, id=19476, stack(0x000000e530500000,0x000000e530600000)]
  0x000002e527be44d0 JavaThread "Thread-4" daemon [_thread_in_native, id=24388, stack(0x000000e530600000,0x000000e530700000)]
  0x000002e528d883d0 JavaThread "Thread-5" daemon [_thread_in_native, id=24800, stack(0x000000e530700000,0x000000e530800000)]
  0x000002e528d8c5a0 JavaThread "Thread-6" daemon [_thread_in_native, id=24536, stack(0x000000e530800000,0x000000e530900000)]
  0x000002e528d89300 JavaThread "Thread-7" daemon [_thread_in_native, id=24872, stack(0x000000e530900000,0x000000e530a00000)]
  0x000002e528d888e0 JavaThread "Thread-8" daemon [_thread_in_native, id=9520, stack(0x000000e530a00000,0x000000e530b00000)]
  0x000002e528d86f90 JavaThread "Thread-9" daemon [_thread_in_native, id=24508, stack(0x000000e530b00000,0x000000e530c00000)]
  0x000002e528d8b670 JavaThread "Thread-10" daemon [_thread_in_native, id=23136, stack(0x000000e530c00000,0x000000e530d00000)]
  0x000002e528d85640 JavaThread "pool-2-thread-1" [_thread_blocked, id=15976, stack(0x000000e530d00000,0x000000e530e00000)]
  0x000002e528d8c090 JavaThread "WorkspaceEventsHandler" [_thread_blocked, id=17892, stack(0x000000e530e00000,0x000000e530f00000)]
  0x000002e528d86060 JavaThread "pool-1-thread-1" [_thread_blocked, id=13364, stack(0x000000e530f00000,0x000000e531000000)]

Other Threads:
  0x000002e50d08eb40 VMThread "VM Thread" [stack: 0x000000e52e300000,0x000000e52e400000] [id=2520]
  0x000002e526225080 WatcherThread [stack: 0x000000e52ef00000,0x000000e52f000000] [id=19000]
  0x000002e50cff7750 GCTaskThread "GC Thread#0" [stack: 0x000000e52e200000,0x000000e52e300000] [id=9308]
  0x000002e52729d560 GCTaskThread "GC Thread#1" [stack: 0x000000e52f000000,0x000000e52f100000] [id=21856]
  0x000002e5275cb040 GCTaskThread "GC Thread#2" [stack: 0x000000e52f100000,0x000000e52f200000] [id=13956]
  0x000002e5275cb300 GCTaskThread "GC Thread#3" [stack: 0x000000e52f200000,0x000000e52f300000] [id=8096]
  0x000002e5275cb5c0 GCTaskThread "GC Thread#4" [stack: 0x000000e52f300000,0x000000e52f400000] [id=21524]
  0x000002e5275cc090 GCTaskThread "GC Thread#5" [stack: 0x000000e52f400000,0x000000e52f500000] [id=17280]
  0x000002e5275cc760 GCTaskThread "GC Thread#6" [stack: 0x000000e52f500000,0x000000e52f600000] [id=25296]
  0x000002e5274ad6b0 GCTaskThread "GC Thread#7" [stack: 0x000000e52f900000,0x000000e52fa00000] [id=22156]

Threads with active compile tasks:
C2 CompilerThread0     6661 4734   !   4       org.eclipse.osgi.internal.loader.classpath.ClasspathManager::defineClass (636 bytes)

VM state: not at safepoint (normal execution)

VM Mutex/Monitor currently owned by a thread: None

Heap address: 0x00000000c0000000, size: 1024 MB, Compressed Oops mode: 32-bit

CDS archive(s) not mapped
Compressed class space mapped at: 0x0000000100000000-0x0000000140000000, reserved size: 1073741824
Narrow klass base: 0x0000000000000000, Narrow klass shift: 3, Narrow klass range: 0x140000000

GC Precious Log:
 CPUs: 8 total, 8 available
 Memory: 7937M
 Large Page Support: Disabled
 NUMA Support: Disabled
 Compressed Oops: Enabled (32-bit)
 Alignments: Space 512K, Generation 512K, Heap 2M
 Heap Min Capacity: 100M
 Heap Initial Capacity: 100M
 Heap Max Capacity: 1G
 Pre-touch: Disabled
 Parallel Workers: 8

Heap:
 PSYoungGen      total 23040K, used 7118K [0x00000000eab00000, 0x00000000ec580000, 0x0000000100000000)
  eden space 22016K, 27% used [0x00000000eab00000,0x00000000eb0f3968,0x00000000ec080000)
  from space 1024K, 100% used [0x00000000ec400000,0x00000000ec500000,0x00000000ec500000)
  to   space 512K, 0% used [0x00000000ec500000,0x00000000ec500000,0x00000000ec580000)
 ParOldGen       total 68608K, used 17944K [0x00000000c0000000, 0x00000000c4300000, 0x00000000eab00000)
  object space 68608K, 26% used [0x00000000c0000000,0x00000000c11861f0,0x00000000c4300000)
 Metaspace       used 48067K, committed 49024K, reserved 1114112K
  class space    used 5115K, committed 5568K, reserved 1048576K

Card table byte_map: [0x000002e50c970000,0x000002e50cb80000] _byte_map_base: 0x000002e50c370000

Marking Bits: (ParMarkBitMap*) 0x00007ffb8e60d7d0
 Begin Bits: [0x000002e51ec70000, 0x000002e51fc70000)
 End Bits:   [0x000002e51fc70000, 0x000002e520c70000)

Polling page: 0x000002e50af00000

Metaspace:

Usage:
  Non-class:     41.95 MB used.
      Class:      5.00 MB used.
       Both:     46.94 MB used.

Virtual space:
  Non-class space:       64.00 MB reserved,      42.44 MB ( 66%) committed,  1 nodes.
      Class space:        1.00 GB reserved,       5.44 MB ( <1%) committed,  1 nodes.
             Both:        1.06 GB reserved,      47.88 MB (  4%) committed. 

Chunk freelists:
   Non-Class:  5.50 MB
       Class:  10.55 MB
        Both:  16.05 MB

MaxMetaspaceSize: unlimited
CompressedClassSpaceSize: 1.00 GB
Initial GC threshold: 21.00 MB
Current GC threshold: 58.38 MB
CDS: off
MetaspaceReclaimPolicy: balanced
 - commit_granule_bytes: 65536.
 - commit_granule_words: 8192.
 - virtual_space_node_default_size: 8388608.
 - enlarge_chunks_in_place: 1.
 - new_chunks_are_fully_committed: 0.
 - uncommit_free_chunks: 1.
 - use_allocation_guard: 0.
 - handle_deallocations: 1.


Internal statistics:

num_allocs_failed_limit: 6.
num_arena_births: 516.
num_arena_deaths: 14.
num_vsnodes_births: 2.
num_vsnodes_deaths: 0.
num_space_committed: 766.
num_space_uncommitted: 0.
num_chunks_returned_to_freelist: 20.
num_chunks_taken_from_freelist: 2259.
num_chunk_merges: 8.
num_chunk_splits: 1411.
num_chunks_enlarged: 883.
num_inconsistent_stats: 0.

CodeHeap 'non-profiled nmethods': size=120000Kb used=2362Kb max_used=2362Kb free=117637Kb
 bounds [0x000002e517740000, 0x000002e5179b0000, 0x000002e51ec70000]
CodeHeap 'profiled nmethods': size=120000Kb used=11359Kb max_used=11359Kb free=108641Kb
 bounds [0x000002e50fc70000, 0x000002e510790000, 0x000002e5171a0000]
CodeHeap 'non-nmethods': size=5760Kb used=1306Kb max_used=1353Kb free=4453Kb
 bounds [0x000002e5171a0000, 0x000002e517410000, 0x000002e517740000]
 total_blobs=5786 nmethods=5164 adapters=536
 compilation: enabled
              stopped_count=0, restarted_count=0
 full_count=0

Compilation events (20 events):
Event: 6.588 Thread 0x000002e525fb3f10 5171       3       com.google.inject.internal.asm.$MethodWriter::visitFrame (811 bytes)
Event: 6.590 Thread 0x000002e525fb3f10 nmethod 5171 0x000002e51077fe90 code [0x000002e5107803a0, 0x000002e510782758]
Event: 6.594 Thread 0x000002e525fb3f10 5172       3       com.google.inject.internal.aop.ClassBuilding$$Lambda$301/0x0000000100547630::accept (12 bytes)
Event: 6.595 Thread 0x000002e525fb3f10 nmethod 5172 0x000002e510783710 code [0x000002e510783900, 0x000002e510783ee8]
Event: 6.595 Thread 0x000002e525fb3f10 5173       3       com.google.inject.internal.aop.ClassBuilding::lambda$buildFastClass$4 (13 bytes)
Event: 6.595 Thread 0x000002e525fb3f10 nmethod 5173 0x000002e510784110 code [0x000002e5107842e0, 0x000002e510784768]
Event: 6.595 Thread 0x000002e525fb3f10 5174       3       com.google.inject.internal.aop.FastClass::generateMethodInvoker (121 bytes)
Event: 6.595 Thread 0x000002e525fb3f10 nmethod 5174 0x000002e510784910 code [0x000002e510784b60, 0x000002e5107852c8]
Event: 6.617 Thread 0x000002e525fb3f10 5175       3       com.google.common.collect.RegularImmutableSet::size (6 bytes)
Event: 6.617 Thread 0x000002e525fb3f10 nmethod 5175 0x000002e510785610 code [0x000002e5107857a0, 0x000002e5107858b8]
Event: 6.618 Thread 0x000002e525fb3f10 5176       3       java.lang.invoke.MethodHandle::asType (28 bytes)
Event: 6.618 Thread 0x000002e525fb3f10 nmethod 5176 0x000002e510785990 code [0x000002e510785b60, 0x000002e510785ec8]
Event: 6.621 Thread 0x000002e525fb3f10 5177       3       com.google.inject.internal.InternalFlags::isBytecodeGenEnabled (15 bytes)
Event: 6.621 Thread 0x000002e525fb3f10 nmethod 5177 0x000002e510785f90 code [0x000002e510786120, 0x000002e510786238]
Event: 6.622 Thread 0x000002e525fb3f10 5178       3       com.google.inject.internal.aop.ClassDefining::hasPackageAccess (4 bytes)
Event: 6.622 Thread 0x000002e525fb3f10 nmethod 5178 0x000002e510786310 code [0x000002e5107864a0, 0x000002e510786598]
Event: 6.623 Thread 0x000002e525fb3f10 5179       3       com.google.inject.internal.asm.$MethodWriter::visitFieldInsn (258 bytes)
Event: 6.625 Thread 0x000002e525fb3f10 nmethod 5179 0x000002e510786610 code [0x000002e510786880, 0x000002e5107874a8]
Event: 6.625 Thread 0x000002e525fb3f10 5180       3       com.google.inject.internal.asm.$SymbolTable::addConstantFieldref (10 bytes)
Event: 6.625 Thread 0x000002e525fb3f10 nmethod 5180 0x000002e510787890 code [0x000002e510787a20, 0x000002e510787b68]

GC Heap History (20 events):
Event: 3.711 GC heap before
{Heap before GC invocations=8 (full 1):
 PSYoungGen      total 26112K, used 25904K [0x00000000eab00000, 0x00000000eca00000, 0x0000000100000000)
  eden space 25088K, 100% used [0x00000000eab00000,0x00000000ec380000,0x00000000ec380000)
  from space 1024K, 79% used [0x00000000ec900000,0x00000000ec9cc290,0x00000000eca00000)
  to   space 2560K, 0% used [0x00000000ec500000,0x00000000ec500000,0x00000000ec780000)
 ParOldGen       total 68608K, used 10590K [0x00000000c0000000, 0x00000000c4300000, 0x00000000eab00000)
  object space 68608K, 15% used [0x00000000c0000000,0x00000000c0a57920,0x00000000c4300000)
 Metaspace       used 27417K, committed 28032K, reserved 1114112K
  class space    used 2792K, committed 3008K, reserved 1048576K
}
Event: 3.713 GC heap after
{Heap after GC invocations=8 (full 1):
 PSYoungGen      total 27136K, used 2538K [0x00000000eab00000, 0x00000000eca00000, 0x0000000100000000)
  eden space 24576K, 0% used [0x00000000eab00000,0x00000000eab00000,0x00000000ec300000)
  from space 2560K, 99% used [0x00000000ec500000,0x00000000ec77a8a0,0x00000000ec780000)
  to   space 2560K, 0% used [0x00000000ec780000,0x00000000ec780000,0x00000000eca00000)
 ParOldGen       total 68608K, used 10910K [0x00000000c0000000, 0x00000000c4300000, 0x00000000eab00000)
  object space 68608K, 15% used [0x00000000c0000000,0x00000000c0aa7950,0x00000000c4300000)
 Metaspace       used 27417K, committed 28032K, reserved 1114112K
  class space    used 2792K, committed 3008K, reserved 1048576K
}
Event: 3.995 GC heap before
{Heap before GC invocations=9 (full 1):
 PSYoungGen      total 27136K, used 27114K [0x00000000eab00000, 0x00000000eca00000, 0x0000000100000000)
  eden space 24576K, 100% used [0x00000000eab00000,0x00000000ec300000,0x00000000ec300000)
  from space 2560K, 99% used [0x00000000ec500000,0x00000000ec77a8a0,0x00000000ec780000)
  to   space 2560K, 0% used [0x00000000ec780000,0x00000000ec780000,0x00000000eca00000)
 ParOldGen       total 68608K, used 10910K [0x00000000c0000000, 0x00000000c4300000, 0x00000000eab00000)
  object space 68608K, 15% used [0x00000000c0000000,0x00000000c0aa7950,0x00000000c4300000)
 Metaspace       used 29900K, committed 30528K, reserved 1114112K
  class space    used 2948K, committed 3200K, reserved 1048576K
}
Event: 3.996 GC heap after
{Heap after GC invocations=9 (full 1):
 PSYoungGen      total 26624K, used 2541K [0x00000000eab00000, 0x00000000eca00000, 0x0000000100000000)
  eden space 24064K, 0% used [0x00000000eab00000,0x00000000eab00000,0x00000000ec280000)
  from space 2560K, 99% used [0x00000000ec780000,0x00000000ec9fb738,0x00000000eca00000)
  to   space 3072K, 0% used [0x00000000ec400000,0x00000000ec400000,0x00000000ec700000)
 ParOldGen       total 68608K, used 11014K [0x00000000c0000000, 0x00000000c4300000, 0x00000000eab00000)
  object space 68608K, 16% used [0x00000000c0000000,0x00000000c0ac1950,0x00000000c4300000)
 Metaspace       used 29900K, committed 30528K, reserved 1114112K
  class space    used 2948K, committed 3200K, reserved 1048576K
}
Event: 4.254 GC heap before
{Heap before GC invocations=10 (full 1):
 PSYoungGen      total 26624K, used 26605K [0x00000000eab00000, 0x00000000eca00000, 0x0000000100000000)
  eden space 24064K, 100% used [0x00000000eab00000,0x00000000ec280000,0x00000000ec280000)
  from space 2560K, 99% used [0x00000000ec780000,0x00000000ec9fb738,0x00000000eca00000)
  to   space 3072K, 0% used [0x00000000ec400000,0x00000000ec400000,0x00000000ec700000)
 ParOldGen       total 68608K, used 11014K [0x00000000c0000000, 0x00000000c4300000, 0x00000000eab00000)
  object space 68608K, 16% used [0x00000000c0000000,0x00000000c0ac1950,0x00000000c4300000)
 Metaspace       used 32294K, committed 32960K, reserved 1114112K
  class space    used 3131K, committed 3392K, reserved 1048576K
}
Event: 4.256 GC heap after
{Heap after GC invocations=10 (full 1):
 PSYoungGen      total 26112K, used 2438K [0x00000000eab00000, 0x00000000ec800000, 0x0000000100000000)
  eden space 23552K, 0% used [0x00000000eab00000,0x00000000eab00000,0x00000000ec200000)
  from space 2560K, 95% used [0x00000000ec400000,0x00000000ec6618d0,0x00000000ec680000)
  to   space 1536K, 0% used [0x00000000ec680000,0x00000000ec680000,0x00000000ec800000)
 ParOldGen       total 68608K, used 13096K [0x00000000c0000000, 0x00000000c4300000, 0x00000000eab00000)
  object space 68608K, 19% used [0x00000000c0000000,0x00000000c0cca248,0x00000000c4300000)
 Metaspace       used 32294K, committed 32960K, reserved 1114112K
  class space    used 3131K, committed 3392K, reserved 1048576K
}
Event: 4.811 GC heap before
{Heap before GC invocations=11 (full 1):
 PSYoungGen      total 26112K, used 23543K [0x00000000eab00000, 0x00000000ec800000, 0x0000000100000000)
  eden space 23552K, 89% used [0x00000000eab00000,0x00000000ebf9c4c0,0x00000000ec200000)
  from space 2560K, 95% used [0x00000000ec400000,0x00000000ec6618d0,0x00000000ec680000)
  to   space 1536K, 0% used [0x00000000ec680000,0x00000000ec680000,0x00000000ec800000)
 ParOldGen       total 68608K, used 13096K [0x00000000c0000000, 0x00000000c4300000, 0x00000000eab00000)
  object space 68608K, 19% used [0x00000000c0000000,0x00000000c0cca248,0x00000000c4300000)
 Metaspace       used 35018K, committed 35840K, reserved 1114112K
  class space    used 3418K, committed 3776K, reserved 1048576K
}
Event: 4.813 GC heap after
{Heap after GC invocations=11 (full 1):
 PSYoungGen      total 25088K, used 1367K [0x00000000eab00000, 0x00000000ec800000, 0x0000000100000000)
  eden space 23552K, 0% used [0x00000000eab00000,0x00000000eab00000,0x00000000ec200000)
  from space 1536K, 89% used [0x00000000ec680000,0x00000000ec7d5d88,0x00000000ec800000)
  to   space 2048K, 0% used [0x00000000ec400000,0x00000000ec400000,0x00000000ec600000)
 ParOldGen       total 68608K, used 15100K [0x00000000c0000000, 0x00000000c4300000, 0x00000000eab00000)
  object space 68608K, 22% used [0x00000000c0000000,0x00000000c0ebf358,0x00000000c4300000)
 Metaspace       used 35018K, committed 35840K, reserved 1114112K
  class space    used 3418K, committed 3776K, reserved 1048576K
}
Event: 4.813 GC heap before
{Heap before GC invocations=12 (full 2):
 PSYoungGen      total 25088K, used 1367K [0x00000000eab00000, 0x00000000ec800000, 0x0000000100000000)
  eden space 23552K, 0% used [0x00000000eab00000,0x00000000eab00000,0x00000000ec200000)
  from space 1536K, 89% used [0x00000000ec680000,0x00000000ec7d5d88,0x00000000ec800000)
  to   space 2048K, 0% used [0x00000000ec400000,0x00000000ec400000,0x00000000ec600000)
 ParOldGen       total 68608K, used 15100K [0x00000000c0000000, 0x00000000c4300000, 0x00000000eab00000)
  object space 68608K, 22% used [0x00000000c0000000,0x00000000c0ebf358,0x00000000c4300000)
 Metaspace       used 35018K, committed 35840K, reserved 1114112K
  class space    used 3418K, committed 3776K, reserved 1048576K
}
Event: 4.844 GC heap after
{Heap after GC invocations=12 (full 2):
 PSYoungGen      total 25088K, used 0K [0x00000000eab00000, 0x00000000ec800000, 0x0000000100000000)
  eden space 23552K, 0% used [0x00000000eab00000,0x00000000eab00000,0x00000000ec200000)
  from space 1536K, 0% used [0x00000000ec680000,0x00000000ec680000,0x00000000ec800000)
  to   space 2048K, 0% used [0x00000000ec400000,0x00000000ec400000,0x00000000ec600000)
 ParOldGen       total 68608K, used 14781K [0x00000000c0000000, 0x00000000c4300000, 0x00000000eab00000)
  object space 68608K, 21% used [0x00000000c0000000,0x00000000c0e6f650,0x00000000c4300000)
 Metaspace       used 35005K, committed 35840K, reserved 1114112K
  class space    used 3414K, committed 3776K, reserved 1048576K
}
Event: 5.462 GC heap before
{Heap before GC invocations=13 (full 2):
 PSYoungGen      total 25088K, used 23545K [0x00000000eab00000, 0x00000000ec800000, 0x0000000100000000)
  eden space 23552K, 99% used [0x00000000eab00000,0x00000000ec1fe7d8,0x00000000ec200000)
  from space 1536K, 0% used [0x00000000ec680000,0x00000000ec680000,0x00000000ec800000)
  to   space 2048K, 0% used [0x00000000ec400000,0x00000000ec400000,0x00000000ec600000)
 ParOldGen       total 68608K, used 14781K [0x00000000c0000000, 0x00000000c4300000, 0x00000000eab00000)
  object space 68608K, 21% used [0x00000000c0000000,0x00000000c0e6f650,0x00000000c4300000)
 Metaspace       used 38223K, committed 39040K, reserved 1114112K
  class space    used 3857K, committed 4224K, reserved 1048576K
}
Event: 5.463 GC heap after
{Heap after GC invocations=13 (full 2):
 PSYoungGen      total 24064K, used 931K [0x00000000eab00000, 0x00000000ec700000, 0x0000000100000000)
  eden space 23040K, 0% used [0x00000000eab00000,0x00000000eab00000,0x00000000ec180000)
  from space 1024K, 90% used [0x00000000ec400000,0x00000000ec4e8ec8,0x00000000ec500000)
  to   space 1536K, 0% used [0x00000000ec580000,0x00000000ec580000,0x00000000ec700000)
 ParOldGen       total 68608K, used 14789K [0x00000000c0000000, 0x00000000c4300000, 0x00000000eab00000)
  object space 68608K, 21% used [0x00000000c0000000,0x00000000c0e71650,0x00000000c4300000)
 Metaspace       used 38223K, committed 39040K, reserved 1114112K
  class space    used 3857K, committed 4224K, reserved 1048576K
}
Event: 5.680 GC heap before
{Heap before GC invocations=14 (full 2):
 PSYoungGen      total 24064K, used 23971K [0x00000000eab00000, 0x00000000ec700000, 0x0000000100000000)
  eden space 23040K, 100% used [0x00000000eab00000,0x00000000ec180000,0x00000000ec180000)
  from space 1024K, 90% used [0x00000000ec400000,0x00000000ec4e8ec8,0x00000000ec500000)
  to   space 1536K, 0% used [0x00000000ec580000,0x00000000ec580000,0x00000000ec700000)
 ParOldGen       total 68608K, used 14789K [0x00000000c0000000, 0x00000000c4300000, 0x00000000eab00000)
  object space 68608K, 21% used [0x00000000c0000000,0x00000000c0e71650,0x00000000c4300000)
 Metaspace       used 40349K, committed 41216K, reserved 1114112K
  class space    used 4117K, committed 4480K, reserved 1048576K
}
Event: 5.682 GC heap after
{Heap after GC invocations=14 (full 2):
 PSYoungGen      total 24064K, used 1061K [0x00000000eab00000, 0x00000000ec700000, 0x0000000100000000)
  eden space 22528K, 0% used [0x00000000eab00000,0x00000000eab00000,0x00000000ec100000)
  from space 1536K, 69% used [0x00000000ec580000,0x00000000ec689760,0x00000000ec700000)
  to   space 1536K, 0% used [0x00000000ec400000,0x00000000ec400000,0x00000000ec580000)
 ParOldGen       total 68608K, used 15601K [0x00000000c0000000, 0x00000000c4300000, 0x00000000eab00000)
  object space 68608K, 22% used [0x00000000c0000000,0x00000000c0f3c560,0x00000000c4300000)
 Metaspace       used 40349K, committed 41216K, reserved 1114112K
  class space    used 4117K, committed 4480K, reserved 1048576K
}
Event: 5.847 GC heap before
{Heap before GC invocations=15 (full 2):
 PSYoungGen      total 24064K, used 23589K [0x00000000eab00000, 0x00000000ec700000, 0x0000000100000000)
  eden space 22528K, 100% used [0x00000000eab00000,0x00000000ec100000,0x00000000ec100000)
  from space 1536K, 69% used [0x00000000ec580000,0x00000000ec689760,0x00000000ec700000)
  to   space 1536K, 0% used [0x00000000ec400000,0x00000000ec400000,0x00000000ec580000)
 ParOldGen       total 68608K, used 15601K [0x00000000c0000000, 0x00000000c4300000, 0x00000000eab00000)
  object space 68608K, 22% used [0x00000000c0000000,0x00000000c0f3c560,0x00000000c4300000)
 Metaspace       used 42585K, committed 43520K, reserved 1114112K
  class space    used 4415K, committed 4864K, reserved 1048576K
}
Event: 5.848 GC heap after
{Heap after GC invocations=15 (full 2):
 PSYoungGen      total 23040K, used 887K [0x00000000eab00000, 0x00000000ec600000, 0x0000000100000000)
  eden space 22016K, 0% used [0x00000000eab00000,0x00000000eab00000,0x00000000ec080000)
  from space 1024K, 86% used [0x00000000ec400000,0x00000000ec4ddf68,0x00000000ec500000)
  to   space 1024K, 0% used [0x00000000ec500000,0x00000000ec500000,0x00000000ec600000)
 ParOldGen       total 68608K, used 16578K [0x00000000c0000000, 0x00000000c4300000, 0x00000000eab00000)
  object space 68608K, 24% used [0x00000000c0000000,0x00000000c1030960,0x00000000c4300000)
 Metaspace       used 42585K, committed 43520K, reserved 1114112K
  class space    used 4415K, committed 4864K, reserved 1048576K
}
Event: 6.063 GC heap before
{Heap before GC invocations=16 (full 2):
 PSYoungGen      total 23040K, used 22903K [0x00000000eab00000, 0x00000000ec600000, 0x0000000100000000)
  eden space 22016K, 100% used [0x00000000eab00000,0x00000000ec080000,0x00000000ec080000)
  from space 1024K, 86% used [0x00000000ec400000,0x00000000ec4ddf68,0x00000000ec500000)
  to   space 1024K, 0% used [0x00000000ec500000,0x00000000ec500000,0x00000000ec600000)
 ParOldGen       total 68608K, used 16578K [0x00000000c0000000, 0x00000000c4300000, 0x00000000eab00000)
  object space 68608K, 24% used [0x00000000c0000000,0x00000000c1030960,0x00000000c4300000)
 Metaspace       used 44819K, committed 45760K, reserved 1114112K
  class space    used 4684K, committed 5120K, reserved 1048576K
}
Event: 6.064 GC heap after
{Heap after GC invocations=16 (full 2):
 PSYoungGen      total 23040K, used 832K [0x00000000eab00000, 0x00000000ec600000, 0x0000000100000000)
  eden space 22016K, 0% used [0x00000000eab00000,0x00000000eab00000,0x00000000ec080000)
  from space 1024K, 81% used [0x00000000ec500000,0x00000000ec5d0000,0x00000000ec600000)
  to   space 1024K, 0% used [0x00000000ec400000,0x00000000ec400000,0x00000000ec500000)
 ParOldGen       total 68608K, used 17210K [0x00000000c0000000, 0x00000000c4300000, 0x00000000eab00000)
  object space 68608K, 25% used [0x00000000c0000000,0x00000000c10ce960,0x00000000c4300000)
 Metaspace       used 44819K, committed 45760K, reserved 1114112K
  class space    used 4684K, committed 5120K, reserved 1048576K
}
Event: 6.416 GC heap before
{Heap before GC invocations=17 (full 2):
 PSYoungGen      total 23040K, used 22848K [0x00000000eab00000, 0x00000000ec600000, 0x0000000100000000)
  eden space 22016K, 100% used [0x00000000eab00000,0x00000000ec080000,0x00000000ec080000)
  from space 1024K, 81% used [0x00000000ec500000,0x00000000ec5d0000,0x00000000ec600000)
  to   space 1024K, 0% used [0x00000000ec400000,0x00000000ec400000,0x00000000ec500000)
 ParOldGen       total 68608K, used 17210K [0x00000000c0000000, 0x00000000c4300000, 0x00000000eab00000)
  object space 68608K, 25% used [0x00000000c0000000,0x00000000c10ce960,0x00000000c4300000)
 Metaspace       used 47378K, committed 48320K, reserved 1114112K
  class space    used 5017K, committed 5440K, reserved 1048576K
}
Event: 6.417 GC heap after
{Heap after GC invocations=17 (full 2):
 PSYoungGen      total 23040K, used 1024K [0x00000000eab00000, 0x00000000ec580000, 0x0000000100000000)
  eden space 22016K, 0% used [0x00000000eab00000,0x00000000eab00000,0x00000000ec080000)
  from space 1024K, 100% used [0x00000000ec400000,0x00000000ec500000,0x00000000ec500000)
  to   space 512K, 0% used [0x00000000ec500000,0x00000000ec500000,0x00000000ec580000)
 ParOldGen       total 68608K, used 17944K [0x00000000c0000000, 0x00000000c4300000, 0x00000000eab00000)
  object space 68608K, 26% used [0x00000000c0000000,0x00000000c11861f0,0x00000000c4300000)
 Metaspace       used 47378K, committed 48320K, reserved 1114112K
  class space    used 5017K, committed 5440K, reserved 1048576K
}

Dll operation events (10 events):
Event: 0.017 Loaded shared library c:\Users\HP\.vscode\extensions\redhat.java-1.30.0-win32-x64\jre\17.0.10-win32-x86_64\bin\java.dll
Event: 0.265 Loaded shared library c:\Users\HP\.vscode\extensions\redhat.java-1.30.0-win32-x64\jre\17.0.10-win32-x86_64\bin\zip.dll
Event: 0.268 Loaded shared library C:\Users\HP\.vscode\extensions\redhat.java-1.30.0-win32-x64\jre\17.0.10-win32-x86_64\bin\instrument.dll
Event: 0.287 Loaded shared library C:\Users\HP\.vscode\extensions\redhat.java-1.30.0-win32-x64\jre\17.0.10-win32-x86_64\bin\net.dll
Event: 0.289 Loaded shared library C:\Users\HP\.vscode\extensions\redhat.java-1.30.0-win32-x64\jre\17.0.10-win32-x86_64\bin\nio.dll
Event: 0.296 Loaded shared library C:\Users\HP\.vscode\extensions\redhat.java-1.30.0-win32-x64\jre\17.0.10-win32-x86_64\bin\zip.dll
Event: 0.310 Loaded shared library C:\Users\HP\.vscode\extensions\redhat.java-1.30.0-win32-x64\jre\17.0.10-win32-x86_64\bin\jimage.dll
Event: 0.379 Loaded shared library c:\Users\HP\.vscode\extensions\redhat.java-1.30.0-win32-x64\jre\17.0.10-win32-x86_64\bin\verify.dll
Event: 1.466 Loaded shared library C:\Users\HP\AppData\Roaming\Code\User\globalStorage\redhat.java\1.30.0\config_win\org.eclipse.equinox.launcher\org.eclipse.equinox.launcher.win32.win32.x86_64_1.2.900.v20240213-1244\eclipse_11900.dll
Event: 5.347 Loaded shared library C:\Users\HP\AppData\Local\Temp\jna-2312\jna9664004505480092973.dll

Deoptimization events (20 events):
Event: 5.917 Thread 0x000002e50cfe3bf0 DEOPT PACKING pc=0x000002e50fe26857 sp=0x000000e52e1fe4a0
Event: 5.917 Thread 0x000002e50cfe3bf0 DEOPT UNPACKING pc=0x000002e5171fa9e3 sp=0x000000e52e1fd988 mode 0
Event: 5.918 Thread 0x000002e50cfe3bf0 DEOPT PACKING pc=0x000002e50fe26857 sp=0x000000e52e1fe4a0
Event: 5.918 Thread 0x000002e50cfe3bf0 DEOPT UNPACKING pc=0x000002e5171fa9e3 sp=0x000000e52e1fd988 mode 0
Event: 6.370 Thread 0x000002e527be2b80 Uncommon trap: trap_request=0xffffff45 fr.pc=0x000002e517904c50 relative=0x0000000000000590
Event: 6.370 Thread 0x000002e527be2b80 Uncommon trap: reason=unstable_if action=reinterpret pc=0x000002e517904c50 method=java.util.TreeMap.put(Ljava/lang/Object;Ljava/lang/Object;Z)Ljava/lang/Object; @ 27 c2
Event: 6.370 Thread 0x000002e527be2b80 DEOPT PACKING pc=0x000002e517904c50 sp=0x000000e52fefdec0
Event: 6.370 Thread 0x000002e527be2b80 DEOPT UNPACKING pc=0x000002e5171f9ea3 sp=0x000000e52fefddd8 mode 2
Event: 6.370 Thread 0x000002e527be2b80 Uncommon trap: trap_request=0xffffff45 fr.pc=0x000002e5178ff58c relative=0x00000000000005cc
Event: 6.370 Thread 0x000002e527be2b80 Uncommon trap: reason=unstable_if action=reinterpret pc=0x000002e5178ff58c method=java.util.TreeMap.put(Ljava/lang/Object;Ljava/lang/Object;Z)Ljava/lang/Object; @ 27 c2
Event: 6.370 Thread 0x000002e527be2b80 DEOPT PACKING pc=0x000002e5178ff58c sp=0x000000e52fefde50
Event: 6.370 Thread 0x000002e527be2b80 DEOPT UNPACKING pc=0x000002e5171f9ea3 sp=0x000000e52fefdde0 mode 2
Event: 6.389 Thread 0x000002e527be2b80 Uncommon trap: trap_request=0xffffff45 fr.pc=0x000002e5178513fc relative=0x00000000000001dc
Event: 6.389 Thread 0x000002e527be2b80 Uncommon trap: reason=unstable_if action=reinterpret pc=0x000002e5178513fc method=java.lang.ClassLoader.checkName(Ljava/lang/String;)Z @ 1 c2
Event: 6.389 Thread 0x000002e527be2b80 DEOPT PACKING pc=0x000002e5178513fc sp=0x000000e52fefdc50
Event: 6.389 Thread 0x000002e527be2b80 DEOPT UNPACKING pc=0x000002e5171f9ea3 sp=0x000000e52fefdbe8 mode 2
Event: 6.389 Thread 0x000002e527be2b80 Uncommon trap: trap_request=0xffffff45 fr.pc=0x000002e5177c80cc relative=0x000000000000140c
Event: 6.389 Thread 0x000002e527be2b80 Uncommon trap: reason=unstable_if action=reinterpret pc=0x000002e5177c80cc method=lombok.patcher.ScriptManager$OurClassFileTransformer.transform(Ljava/lang/ClassLoader;Ljava/lang/String;Ljava/lang/Class;Ljava/security/ProtectionDomain;[B)[B @ 1 c2
Event: 6.389 Thread 0x000002e527be2b80 DEOPT PACKING pc=0x000002e5177c80cc sp=0x000000e52fefc740
Event: 6.389 Thread 0x000002e527be2b80 DEOPT UNPACKING pc=0x000002e5171f9ea3 sp=0x000000e52fefc6c8 mode 2

Classes unloaded (7 events):
Event: 4.817 Thread 0x000002e50d08eb40 Unloading class 0x000000010024a400 'java/lang/invoke/LambdaForm$MH+0x000000010024a400'
Event: 4.817 Thread 0x000002e50d08eb40 Unloading class 0x000000010024a000 'java/lang/invoke/LambdaForm$MH+0x000000010024a000'
Event: 4.817 Thread 0x000002e50d08eb40 Unloading class 0x0000000100249c00 'java/lang/invoke/LambdaForm$MH+0x0000000100249c00'
Event: 4.817 Thread 0x000002e50d08eb40 Unloading class 0x0000000100249800 'java/lang/invoke/LambdaForm$MH+0x0000000100249800'
Event: 4.817 Thread 0x000002e50d08eb40 Unloading class 0x0000000100249400 'java/lang/invoke/LambdaForm$BMH+0x0000000100249400'
Event: 4.817 Thread 0x000002e50d08eb40 Unloading class 0x0000000100249000 'java/lang/invoke/LambdaForm$DMH+0x0000000100249000'
Event: 4.817 Thread 0x000002e50d08eb40 Unloading class 0x0000000100244400 'java/lang/invoke/LambdaForm$DMH+0x0000000100244400'

Classes redefined (0 events):
No events

Internal exceptions (20 events):
Event: 4.847 Thread 0x000002e527be3fc0 Exception <a 'java/lang/NoSuchMethodError'{0x00000000eab88da0}: 'int java.lang.invoke.Invokers$Holder.linkToTargetMethod(java.lang.Object, java.lang.Object, java.lang.Object)'> (0x00000000eab88da0) 
thrown [s\src\hotspot\share\interpreter\linkResolver.cpp, line 759]
Event: 5.033 Thread 0x000002e527be2b80 Exception <a 'java/lang/NoSuchMethodError'{0x00000000eadaf0f8}: 'java.lang.Object java.lang.invoke.DirectMethodHandle$Holder.invokeSpecialIFC(java.lang.Object, java.lang.Object, java.lang.Object, java.lang.Object)'> (0x00000000eadaf0f8) 
thrown [s\src\hotspot\share\interpreter\linkResolver.cpp, line 759]
Event: 5.202 Thread 0x000002e5278a7d50 Exception <a 'java/io/FileNotFoundException'{0x00000000eb6ebd40}> (0x00000000eb6ebd40) 
thrown [s\src\hotspot\share\prims\jni.cpp, line 516]
Event: 5.319 Thread 0x000002e527be2b80 Exception <a 'java/lang/NoSuchMethodError'{0x00000000ebb67be0}: 'int java.lang.invoke.DirectMethodHandle$Holder.invokeSpecialIFC(java.lang.Object, java.lang.Object, java.lang.Object, java.lang.Object, java.lang.Object)'> (0x00000000ebb67be0) 
thrown [s\src\hotspot\share\interpreter\linkResolver.cpp, line 759]
Event: 5.395 Thread 0x000002e5278a7d50 Exception <a 'java/lang/UnsatisfiedLinkError'{0x00000000ebdaddd0}: The specified procedure could not be found.
> (0x00000000ebdaddd0) 
thrown [s\src\hotspot\share\prims\jni.cpp, line 535]
Event: 5.399 Thread 0x000002e5278a7d50 Exception <a 'java/io/FileNotFoundException'{0x00000000ebdd64b8}> (0x00000000ebdd64b8) 
thrown [s\src\hotspot\share\prims\jni.cpp, line 516]
Event: 5.412 Thread 0x000002e5278a7d50 Exception <a 'java/io/FileNotFoundException'{0x00000000ebf34948}> (0x00000000ebf34948) 
thrown [s\src\hotspot\share\prims\jni.cpp, line 516]
Event: 5.427 Thread 0x000002e5278a7d50 Exception <a 'java/lang/UnsatisfiedLinkError'{0x00000000ec053368}: The specified procedure could not be found.
> (0x00000000ec053368) 
thrown [s\src\hotspot\share\prims\jni.cpp, line 535]
Event: 5.477 Thread 0x000002e50cfe3bf0 Exception <a 'sun/nio/fs/WindowsException'{0x00000000eac49a30}> (0x00000000eac49a30) 
thrown [s\src\hotspot\share\prims\jni.cpp, line 516]
Event: 5.556 Thread 0x000002e527be2b80 Exception <a 'java/lang/NoClassDefFoundError'{0x00000000eb252560}: javax/enterprise/inject/Typed> (0x00000000eb252560) 
thrown [s\src\hotspot\share\classfile\systemDictionary.cpp, line 245]
Event: 5.607 Thread 0x000002e50cfe3bf0 Exception <a 'java/lang/NoSuchMethodError'{0x00000000eb737418}: 'java.lang.Object java.lang.invoke.DirectMethodHandle$Holder.invokeStatic(java.lang.Object, java.lang.Object, long, java.lang.Object)'> (0x00000000eb737418) 
thrown [s\src\hotspot\share\interpreter\linkResolver.cpp, line 759]
Event: 5.608 Thread 0x000002e50cfe3bf0 Exception <a 'java/lang/NoSuchMethodError'{0x00000000eb757a10}: 'java.lang.Object java.lang.invoke.DirectMethodHandle$Holder.invokeStaticInit(java.lang.Object, java.lang.Object, long, java.lang.Object)'> (0x00000000eb757a10) 
thrown [s\src\hotspot\share\interpreter\linkResolver.cpp, line 759]
Event: 5.608 Thread 0x000002e50cfe3bf0 Exception <a 'java/lang/NoSuchMethodError'{0x00000000eb75e548}: 'java.lang.Object java.lang.invoke.DirectMethodHandle$Holder.newInvokeSpecial(java.lang.Object, java.lang.Object, long)'> (0x00000000eb75e548) 
thrown [s\src\hotspot\share\interpreter\linkResolver.cpp, line 759]
Event: 5.828 Thread 0x000002e50cfe3bf0 Exception <a 'java/lang/NoSuchMethodError'{0x00000000ebe54d90}: 'void java.lang.invoke.DirectMethodHandle$Holder.invokeSpecial(java.lang.Object, java.lang.Object, java.lang.Object, java.lang.Object, java.lang.Object, java.lang.Object)'> (0x00000000ebe54d90) 
thrown [s\src\hotspot\share\interpreter\linkResolver.cpp, line 759]
Event: 5.829 Thread 0x000002e50cfe3bf0 Exception <a 'java/lang/IncompatibleClassChangeError'{0x00000000ebe5e890}: Found class java.lang.Object, but interface was expected> (0x00000000ebe5e890) 
thrown [s\src\hotspot\share\interpreter\linkResolver.cpp, line 826]
Event: 6.363 Thread 0x000002e527be2b80 Exception <a 'java/lang/NoSuchMethodError'{0x00000000ebcbfdd8}: 'void java.lang.invoke.DirectMethodHandle$Holder.invokeStaticInit(java.lang.Object, java.lang.Object, java.lang.Object)'> (0x00000000ebcbfdd8) 
thrown [s\src\hotspot\share\interpreter\linkResolver.cpp, line 759]
Event: 6.366 Thread 0x000002e527be2b80 Exception <a 'java/lang/ExceptionInInitializerError'{0x00000000ebcf6538}> (0x00000000ebcf6538) 
thrown [s\src\hotspot\share\oops\instanceKlass.cpp, line 1218]
Event: 6.389 Thread 0x000002e527be2b80 Implicit null exception at 0x000002e517851230 to 0x000002e5178513ec
Event: 6.389 Thread 0x000002e527be2b80 Implicit null exception at 0x000002e5177c6d09 to 0x000002e5177c80ac
Event: 6.393 Thread 0x000002e527be2b80 Exception <a 'java/lang/NoSuchMethodError'{0x00000000ebe808c8}: 'java.lang.Object java.lang.invoke.Invokers$Holder.invokeExact_MT(java.lang.Object, int, java.lang.Object)'> (0x00000000ebe808c8) 
thrown [s\src\hotspot\share\interpreter\linkResolver.cpp, line 759]

VM Operations (20 events):
Event: 5.461 Executing VM operation: ParallelGCFailedAllocation
Event: 5.463 Executing VM operation: ParallelGCFailedAllocation done
Event: 5.544 Executing VM operation: HandshakeAllThreads
Event: 5.544 Executing VM operation: HandshakeAllThreads done
Event: 5.680 Executing VM operation: ParallelGCFailedAllocation
Event: 5.683 Executing VM operation: ParallelGCFailedAllocation done
Event: 5.847 Executing VM operation: ParallelGCFailedAllocation
Event: 5.849 Executing VM operation: ParallelGCFailedAllocation done
Event: 6.026 Executing VM operation: HandshakeAllThreads
Event: 6.027 Executing VM operation: HandshakeAllThreads done
Event: 6.063 Executing VM operation: ParallelGCFailedAllocation
Event: 6.064 Executing VM operation: ParallelGCFailedAllocation done
Event: 6.097 Executing VM operation: HandshakeAllThreads
Event: 6.097 Executing VM operation: HandshakeAllThreads done
Event: 6.246 Executing VM operation: HandshakeAllThreads
Event: 6.246 Executing VM operation: HandshakeAllThreads done
Event: 6.416 Executing VM operation: ParallelGCFailedAllocation
Event: 6.417 Executing VM operation: ParallelGCFailedAllocation done
Event: 6.421 Executing VM operation: HandshakeAllThreads
Event: 6.421 Executing VM operation: HandshakeAllThreads done

Events (20 events):
Event: 6.136 loading class sun/reflect/generics/scope/ConstructorScope
Event: 6.136 loading class sun/reflect/generics/scope/ConstructorScope done
Event: 6.136 loading class sun/reflect/generics/tree/VoidDescriptor
Event: 6.136 loading class sun/reflect/generics/tree/VoidDescriptor done
Event: 6.196 loading class java/util/concurrent/CompletionService
Event: 6.196 loading class java/util/concurrent/CompletionService done
Event: 6.244 loading class java/nio/channels/SocketChannel
Event: 6.245 loading class java/nio/channels/NetworkChannel
Event: 6.245 loading class java/nio/channels/NetworkChannel done
Event: 6.245 loading class java/nio/channels/spi/AbstractSelectableChannel
Event: 6.245 loading class java/nio/channels/spi/AbstractSelectableChannel done
Event: 6.245 loading class java/nio/channels/SocketChannel done
Event: 6.247 loading class java/nio/channels/ServerSocketChannel
Event: 6.247 loading class java/nio/channels/ServerSocketChannel done
Event: 6.303 loading class java/io/UncheckedIOException
Event: 6.303 loading class java/io/UncheckedIOException done
Event: 6.365 loading class java/lang/ExceptionInInitializerError
Event: 6.365 loading class java/lang/ExceptionInInitializerError done
Event: 6.391 loading class java/util/function/ToIntFunction
Event: 6.391 loading class java/util/function/ToIntFunction done


Dynamic libraries:
0x00007ff6599b0000 - 0x00007ff6599be000 	c:\Users\HP\.vscode\extensions\redhat.java-1.30.0-win32-x64\jre\17.0.10-win32-x86_64\bin\java.exe
0x00007ffbec470000 - 0x00007ffbec686000 	C:\WINDOWS\SYSTEM32\ntdll.dll
0x00007ffbeb540000 - 0x00007ffbeb604000 	C:\WINDOWS\System32\KERNEL32.DLL
0x00007ffbe98b0000 - 0x00007ffbe9c57000 	C:\WINDOWS\System32\KERNELBASE.dll
0x00007ffbe9e90000 - 0x00007ffbe9fa1000 	C:\WINDOWS\System32\ucrtbase.dll
0x00007ffbe18f0000 - 0x00007ffbe1907000 	c:\Users\HP\.vscode\extensions\redhat.java-1.30.0-win32-x64\jre\17.0.10-win32-x86_64\bin\jli.dll
0x00007ffbebf60000 - 0x00007ffbec10e000 	C:\WINDOWS\System32\USER32.dll
0x00007ffbe9c60000 - 0x00007ffbe9c86000 	C:\WINDOWS\System32\win32u.dll
0x00007ffbebf30000 - 0x00007ffbebf59000 	C:\WINDOWS\System32\GDI32.dll
0x00007ffbe9790000 - 0x00007ffbe98a9000 	C:\WINDOWS\System32\gdi32full.dll
0x00007ffbe9d50000 - 0x00007ffbe9dea000 	C:\WINDOWS\System32\msvcp_win.dll
0x00007ffbdbdc0000 - 0x00007ffbdbddb000 	c:\Users\HP\.vscode\extensions\redhat.java-1.30.0-win32-x64\jre\17.0.10-win32-x86_64\bin\VCRUNTIME140.dll
0x00007ffbcd100000 - 0x00007ffbcd393000 	C:\WINDOWS\WinSxS\amd64_microsoft.windows.common-controls_6595b64144ccf1df_6.0.22621.3235_none_270f74e173860f98\COMCTL32.dll
0x00007ffbebe80000 - 0x00007ffbebf27000 	C:\WINDOWS\System32\msvcrt.dll
0x00007ffbeb0b0000 - 0x00007ffbeb0e1000 	C:\WINDOWS\System32\IMM32.DLL
0x00007ffbe4bc0000 - 0x00007ffbe4bcc000 	c:\Users\HP\.vscode\extensions\redhat.java-1.30.0-win32-x64\jre\17.0.10-win32-x86_64\bin\vcruntime140_1.dll
0x00007ffbb6710000 - 0x00007ffbb679d000 	c:\Users\HP\.vscode\extensions\redhat.java-1.30.0-win32-x64\jre\17.0.10-win32-x86_64\bin\msvcp140.dll
0x00007ffb8da70000 - 0x00007ffb8e6d2000 	c:\Users\HP\.vscode\extensions\redhat.java-1.30.0-win32-x64\jre\17.0.10-win32-x86_64\bin\server\jvm.dll
0x00007ffbeb320000 - 0x00007ffbeb3d2000 	C:\WINDOWS\System32\ADVAPI32.dll
0x00007ffbeb670000 - 0x00007ffbeb718000 	C:\WINDOWS\System32\sechost.dll
0x00007ffbe9df0000 - 0x00007ffbe9e18000 	C:\WINDOWS\System32\bcrypt.dll
0x00007ffbec110000 - 0x00007ffbec225000 	C:\WINDOWS\System32\RPCRT4.dll
0x00007ffbe8650000 - 0x00007ffbe869d000 	C:\WINDOWS\SYSTEM32\POWRPROF.dll
0x00007ffbcfbf0000 - 0x00007ffbcfbf9000 	C:\WINDOWS\SYSTEM32\WSOCK32.dll
0x00007ffbeab00000 - 0x00007ffbeab71000 	C:\WINDOWS\System32\WS2_32.dll
0x00007ffbe17f0000 - 0x00007ffbe1824000 	C:\WINDOWS\SYSTEM32\WINMM.dll
0x00007ffbdf260000 - 0x00007ffbdf26a000 	C:\WINDOWS\SYSTEM32\VERSION.dll
0x00007ffbe8610000 - 0x00007ffbe8623000 	C:\WINDOWS\SYSTEM32\UMPDC.dll
0x00007ffbe88c0000 - 0x00007ffbe88d8000 	C:\WINDOWS\SYSTEM32\kernel.appcore.dll
0x00007ffbe4b30000 - 0x00007ffbe4b3a000 	c:\Users\HP\.vscode\extensions\redhat.java-1.30.0-win32-x64\jre\17.0.10-win32-x86_64\bin\jimage.dll
0x00007ffbe6ed0000 - 0x00007ffbe7103000 	C:\WINDOWS\SYSTEM32\DBGHELP.DLL
0x00007ffbeb880000 - 0x00007ffbebc08000 	C:\WINDOWS\System32\combase.dll
0x00007ffbeb460000 - 0x00007ffbeb537000 	C:\WINDOWS\System32\OLEAUT32.dll
0x00007ffbde140000 - 0x00007ffbde172000 	C:\WINDOWS\SYSTEM32\dbgcore.DLL
0x00007ffbe9fb0000 - 0x00007ffbea029000 	C:\WINDOWS\System32\bcryptPrimitives.dll
0x00007ffbe4a00000 - 0x00007ffbe4a0e000 	c:\Users\HP\.vscode\extensions\redhat.java-1.30.0-win32-x64\jre\17.0.10-win32-x86_64\bin\instrument.dll
0x00007ffbdb120000 - 0x00007ffbdb145000 	c:\Users\HP\.vscode\extensions\redhat.java-1.30.0-win32-x64\jre\17.0.10-win32-x86_64\bin\java.dll
0x00007ffbd5b20000 - 0x00007ffbd5b38000 	c:\Users\HP\.vscode\extensions\redhat.java-1.30.0-win32-x64\jre\17.0.10-win32-x86_64\bin\zip.dll
0x00007ffbea1a0000 - 0x00007ffbea9fc000 	C:\WINDOWS\System32\SHELL32.dll
0x00007ffbe7700000 - 0x00007ffbe7ff9000 	C:\WINDOWS\SYSTEM32\windows.storage.dll
0x00007ffbe75c0000 - 0x00007ffbe76fe000 	C:\WINDOWS\SYSTEM32\wintypes.dll
0x00007ffbec230000 - 0x00007ffbec323000 	C:\WINDOWS\System32\SHCORE.dll
0x00007ffbeb3f0000 - 0x00007ffbeb44e000 	C:\WINDOWS\System32\shlwapi.dll
0x00007ffbe96c0000 - 0x00007ffbe96e1000 	C:\WINDOWS\SYSTEM32\profapi.dll
0x00007ffbd4b20000 - 0x00007ffbd4b39000 	C:\Users\HP\.vscode\extensions\redhat.java-1.30.0-win32-x64\jre\17.0.10-win32-x86_64\bin\net.dll
0x00007ffbe3dc0000 - 0x00007ffbe3ef6000 	C:\WINDOWS\SYSTEM32\WINHTTP.dll
0x00007ffbe8d30000 - 0x00007ffbe8d99000 	C:\WINDOWS\system32\mswsock.dll
0x00007ffbd3010000 - 0x00007ffbd3026000 	C:\Users\HP\.vscode\extensions\redhat.java-1.30.0-win32-x64\jre\17.0.10-win32-x86_64\bin\nio.dll
0x00007ffbe2420000 - 0x00007ffbe2430000 	c:\Users\HP\.vscode\extensions\redhat.java-1.30.0-win32-x64\jre\17.0.10-win32-x86_64\bin\verify.dll
0x00007ffbd2310000 - 0x00007ffbd234e000 	C:\Users\HP\AppData\Roaming\Code\User\globalStorage\redhat.java\1.30.0\config_win\org.eclipse.equinox.launcher\org.eclipse.equinox.launcher.win32.win32.x86_64_1.2.900.v20240213-1244\eclipse_11900.dll
0x00007ffbeb170000 - 0x00007ffbeb315000 	C:\WINDOWS\System32\ole32.dll
0x00007ffbe8f90000 - 0x00007ffbe8fab000 	C:\WINDOWS\SYSTEM32\CRYPTSP.dll
0x00007ffbe8820000 - 0x00007ffbe8855000 	C:\WINDOWS\system32\rsaenh.dll
0x00007ffbe8e30000 - 0x00007ffbe8e58000 	C:\WINDOWS\SYSTEM32\USERENV.dll
0x00007ffbe8fb0000 - 0x00007ffbe8fbc000 	C:\WINDOWS\SYSTEM32\CRYPTBASE.dll
0x00007ffbe82d0000 - 0x00007ffbe82fd000 	C:\WINDOWS\SYSTEM32\IPHLPAPI.DLL
0x00007ffbeb450000 - 0x00007ffbeb459000 	C:\WINDOWS\System32\NSI.dll
0x00007ffbe3b90000 - 0x00007ffbe3ba9000 	C:\WINDOWS\SYSTEM32\dhcpcsvc6.DLL
0x00007ffbe3b10000 - 0x00007ffbe3b2f000 	C:\WINDOWS\SYSTEM32\dhcpcsvc.DLL
0x00007ffbe8340000 - 0x00007ffbe8439000 	C:\WINDOWS\SYSTEM32\DNSAPI.dll
0x00007ffba8370000 - 0x00007ffba83b5000 	C:\Users\HP\AppData\Local\Temp\jna-2312\jna9664004505480092973.dll
0x00007ffbec3b0000 - 0x00007ffbec3b8000 	C:\WINDOWS\System32\PSAPI.DLL

dbghelp: loaded successfully - version: 4.0.5 - missing functions: none
symbol engine: initialized successfully - sym options: 0x614 - pdb path: .;c:\Users\HP\.vscode\extensions\redhat.java-1.30.0-win32-x64\jre\17.0.10-win32-x86_64\bin;C:\WINDOWS\SYSTEM32;C:\WINDOWS\WinSxS\amd64_microsoft.windows.common-controls_6595b64144ccf1df_6.0.22621.3235_none_270f74e173860f98;c:\Users\HP\.vscode\extensions\redhat.java-1.30.0-win32-x64\jre\17.0.10-win32-x86_64\bin\server;C:\Users\HP\AppData\Roaming\Code\User\globalStorage\redhat.java\1.30.0\config_win\org.eclipse.equinox.launcher\org.eclipse.equinox.launcher.win32.win32.x86_64_1.2.900.v20240213-1244;C:\Users\HP\AppData\Local\Temp\jna-2312

VM Arguments:
jvm_args: --add-modules=ALL-SYSTEM --add-opens=java.base/java.util=ALL-UNNAMED --add-opens=java.base/java.lang=ALL-UNNAMED --add-opens=java.base/sun.nio.fs=ALL-UNNAMED -Declipse.application=org.eclipse.jdt.ls.core.id1 -Dosgi.bundles.defaultStartLevel=4 -Declipse.product=org.eclipse.jdt.ls.core.product -Djava.import.generatesMetadataFilesAtProjectRoot=false -DDetectVMInstallationsJob.disabled=true -Dfile.encoding=utf8 -XX:+UseParallelGC -XX:GCTimeRatio=4 -XX:AdaptiveSizePolicyWeight=90 -Dsun.zip.disableMemoryMapping=true -Xmx1G -Xms100m -Xlog:disable -javaagent:c:\Users\HP\.vscode\extensions\redhat.java-1.30.0-win32-x64\lombok\lombok-1.18.32.jar -XX:+HeapDumpOnOutOfMemoryError -XX:HeapDumpPath=c:\Users\HP\AppData\Roaming\Code\User\workspaceStorage\305f99d1c893ef3ae1a01b9de32a5699\redhat.java -Daether.dependencyCollector.impl=bf 
java_command: c:\Users\HP\.vscode\extensions\redhat.java-1.30.0-win32-x64\server\plugins\org.eclipse.equinox.launcher_1.6.800.v20240330-1250.jar -configuration c:\Users\HP\AppData\Roaming\Code\User\globalStorage\redhat.java\1.30.0\config_win -data c:\Users\HP\AppData\Roaming\Code\User\workspaceStorage\305f99d1c893ef3ae1a01b9de32a5699\redhat.java\jdt_ws --pipe=\\.\pipe\lsp-74f260be30d6c51a8f39a9ebd8d38f3f-sock
java_class_path (initial): c:\Users\HP\.vscode\extensions\redhat.java-1.30.0-win32-x64\server\plugins\org.eclipse.equinox.launcher_1.6.800.v20240330-1250.jar
Launcher Type: SUN_STANDARD

[Global flags]
    uintx AdaptiveSizePolicyWeight                 = 90                                        {product} {command line}
     intx CICompilerCount                          = 4                                         {product} {ergonomic}
    uintx GCTimeRatio                              = 4                                         {product} {command line}
     bool HeapDumpOnOutOfMemoryError               = true                                   {manageable} {command line}
    ccstr HeapDumpPath                             = c:\Users\HP\AppData\Roaming\Code\User\workspaceStorage\305f99d1c893ef3ae1a01b9de32a5699\redhat.java         {manageable} {command line}
   size_t InitialHeapSize                          = 104857600                                 {product} {command line}
   size_t MaxHeapSize                              = 1073741824                                {product} {command line}
   size_t MaxNewSize                               = 357564416                                 {product} {ergonomic}
   size_t MinHeapDeltaBytes                        = 524288                                    {product} {ergonomic}
   size_t MinHeapSize                              = 104857600                                 {product} {command line}
   size_t NewSize                                  = 34603008                                  {product} {ergonomic}
    uintx NonNMethodCodeHeapSize                   = 5839372                                {pd product} {ergonomic}
    uintx NonProfiledCodeHeapSize                  = 122909434                              {pd product} {ergonomic}
   size_t OldSize                                  = 70254592                                  {product} {ergonomic}
    uintx ProfiledCodeHeapSize                     = 122909434                              {pd product} {ergonomic}
    uintx ReservedCodeCacheSize                    = 251658240                              {pd product} {ergonomic}
     bool SegmentedCodeCache                       = true                                      {product} {ergonomic}
   size_t SoftMaxHeapSize                          = 1073741824                             {manageable} {ergonomic}
     bool UseCompressedClassPointers               = true                           {product lp64_product} {ergonomic}
     bool UseCompressedOops                        = true                           {product lp64_product} {ergonomic}
     bool UseLargePagesIndividualAllocation        = false                                  {pd product} {ergonomic}
     bool UseParallelGC                            = true                                      {product} {command line}

Logging:
Log output configuration:
 #0: stdout all=off uptime,level,tags
 #1: stderr all=off uptime,level,tags

Environment Variables:
PATH=C:\Program Files\Common Files\Oracle\Java\javapath;C:\Program Files (x86)\Common Files\Oracle\Java\javapath;C:\windows\system32;C:\windows;C:\windows\System32\Wbem;C:\windows\System32\WindowsPowerShell\v1.0\;C:\windows\System32\OpenSSH\;C:\Program Files (x86)\NVIDIA Corporation\PhysX\Common;C:\Program Files\NVIDIA Corporation\NVIDIA NvDLISR;C:\Program Files\Git\cmd;;%SystemRoot%\system32;%SystemRoot%;%SystemRoot%\System32\Wbem;%SYSTEMROOT%\System32\WindowsPowerShell\v1.0\;%SYSTEMROOT%\System32\OpenSSH\;C:\Users\HP\AppData\Local\Programs\Python\Python311\Scripts\;C:\Users\HP\AppData\Local\Programs\Python\Python311\;C:\Programdata\Anaconda3;C:\Programdata\Anaconda3\Library\mingw-w64\bin;C:\Programdata\Anaconda3\Library\usr\bin;C:\Programdata\Anaconda3\Library\bin;C:\Programdata\Anaconda3\Scripts;C:\Users\HP\Anaconda3;C:\Users\HP\Anaconda3\Library\mingw-w64\bin;C:\Users\HP\Anaconda3\Library\usr\bin;C:\Users\HP\Anaconda3\Library\bin;C:\Users\HP\Anaconda3\Scripts;C:\Users\HP\AppData\Local\Microsoft\WindowsApps;C:\Program Files\JetBrains\IntelliJ IDEA Community Edition 2022.3.1\bin;;C:\Users\HP\AppData\Local\Programs\Microsoft VS Code\bin;C:\Program Files\JetBrains\PyCharm Community Edition 2023.1.1\bin;;C:\Program Files\MongoDB\Server\6.0\bin;C:\flutter\bin;
USERNAME=HP
OS=Windows_NT
PROCESSOR_IDENTIFIER=Intel64 Family 6 Model 140 Stepping 1, GenuineIntel
TMP=C:\Users\HP\AppData\Local\Temp
TEMP=C:\Users\HP\AppData\Local\Temp



Periodic native trim disabled


---------------  S Y S T E M  ---------------

OS:
 Windows 11 , 64 bit Build 22621 (10.0.22621.3374)
OS uptime: 4 days 12:12 hours

CPU: total 8 (initial active 8) (4 cores per cpu, 2 threads per core) family 6 model 140 stepping 1 microcode 0xa4, cx8, cmov, fxsr, ht, mmx, 3dnowpref, sse, sse2, sse3, ssse3, sse4.1, sse4.2, popcnt, lzcnt, tsc, tscinvbit, avx, avx2, aes, erms, clmul, bmi1, bmi2, adx, avx512f, avx512dq, avx512cd, avx512bw, avx512vl, sha, fma, vzeroupper, avx512_vpopcntdq, avx512_vpclmulqdq, avx512_vaes, avx512_vnni, clflush, clflushopt, clwb, avx512_vbmi2, avx512_vbmi
Processor Information for all 8 processors :
  Max Mhz: 3110, Current Mhz: 3110, Mhz Limit: 3110

Memory: 4k page, system-wide physical 7937M (124M free)
TotalPageFile size 17937M (AvailPageFile size 32M)
current process WorkingSet (physical memory assigned to process): 182M, peak: 182M
current process commit charge ("private bytes"): 275M, peak: 277M

vm_info: OpenJDK 64-Bit Server VM (17.0.10+7) for windows-amd64 JRE (17.0.10+7), built on Jan 16 2024 23:25:11 by "admin" with MS VC++ 16.10 / 16.11 (VS2019)

END.
